<?xml version="1.0" encoding="UTF-8"?>
<testng-results ignored="0" total="1" passed="1" failed="0" skipped="0">
  <reporter-output>
  </reporter-output>
  <suite started-at="2023-04-07T11:52:47 IST" name="Default suite" finished-at="2023-04-07T11:53:04 IST" duration-ms="17083">
    <groups>
    </groups>
    <test started-at="2023-04-07T11:52:47 IST" name="Default test" finished-at="2023-04-07T11:53:04 IST" duration-ms="17083">
      <class name="tasks_tests.task_verification">
        <test-method is-config="true" signature="setup()[pri:0, instance:tasks_tests.task_verification@4466af20]" started-at="2023-04-07T11:52:00 IST" name="setup" finished-at="2023-04-07T11:52:47 IST" duration-ms="47025" status="PASS">
          <reporter-output>
          </reporter-output>
        </test-method> <!-- setup -->
        <test-method is-config="true" signature="login_to_app()[pri:0, instance:tasks_tests.task_verification@4466af20]" started-at="2023-04-07T11:52:47 IST" name="login_to_app" finished-at="2023-04-07T11:52:49 IST" duration-ms="1397" status="PASS">
          <reporter-output>
          </reporter-output>
        </test-method> <!-- login_to_app -->
        <test-method signature="createtask()[pri:0, instance:tasks_tests.task_verification@4466af20]" started-at="2023-04-07T11:52:49 IST" name="createtask" finished-at="2023-04-07T11:53:04 IST" duration-ms="15130" status="PASS">
          <reporter-output>
          </reporter-output>
        </test-method> <!-- createtask -->
        <test-method is-config="true" signature="logout()[pri:0, instance:tasks_tests.task_verification@4466af20]" started-at="2023-04-07T11:53:04 IST" name="logout" finished-at="2023-04-07T11:53:04 IST" duration-ms="367" status="PASS">
          <reporter-output>
          </reporter-output>
        </test-method> <!-- logout -->
      </class> <!-- tasks_tests.task_verification -->
    </test> <!-- Default test -->
  </suite> <!-- Default suite -->
</testng-results>
